<?xml version="1.0" encoding="UTF-8"?>
<testsuite name="Job Search Test"
           tests="3"
           failures="0"
           errors="0"
           skipped="0"
           time="4.140">
  <properties />
  
  
            <testcase name="verifyThatFirstNameLastNameEmailPasswordAndConfirmPasswordFieldsAreMandatory" time="1.224" classname="com.nopcommerce.demo.testsuite.RegisterPageTest" />
                <testcase name="verifyUserShouldNavigateToRegisterPageSuccessfully" time="0.500" classname="com.nopcommerce.demo.testsuite.RegisterPageTest" />
                <testcase name="verifyThatUserShouldCreateAccountSuccessfully" time="2.416" classname="com.nopcommerce.demo.testsuite.RegisterPageTest" />
      
</testsuite>
